{"D:\\GitHub\\Yandex\\stellar-burgers\\src\\services\\store.ts": {"path":"D:\\GitHub\\Yandex\\stellar-burgers\\src\\services\\store.ts","statementMap":{"0":{"start":{"line":1,"column":0},"end":{"line":1,"column":50}},"1":{"start":{"line":3,"column":0},"end":{"line":3,"column":null}},"2":{"start":{"line":9,"column":0},"end":{"line":9,"column":null}},"3":{"start":{"line":18,"column":20},"end":{"line":25,"column":2}},"4":{"start":{"line":27,"column":14},"end":{"line":30,"column":2}},"5":{"start":{"line":36,"column":46},"end":{"line":36,"column":64}},"6":{"start":{"line":36,"column":52},"end":{"line":36,"column":67}},"7":{"start":{"line":36,"column":13},"end":{"line":36,"column":46}},"8":{"start":{"line":37,"column":13},"end":{"line":37,"column":73}},"9":{"start":{"line":39,"column":0},"end":{"line":39,"column":21}}},"fnMap":{"0":{"name":"(anonymous_0)","decl":{"start":{"line":36,"column":46},"end":{"line":36,"column":52}},"loc":{"start":{"line":36,"column":46},"end":{"line":36,"column":64}}}},"branchMap":{},"s":{"0":0,"1":0,"2":0,"3":0,"4":0,"5":0,"6":0,"7":0,"8":0,"9":0},"f":{"0":0},"b":{}}
,"D:\\GitHub\\Yandex\\stellar-burgers\\src\\services\\slices\\constructorSlice.ts": {"path":"D:\\GitHub\\Yandex\\stellar-burgers\\src\\services\\slices\\constructorSlice.ts","statementMap":{"0":{"start":{"line":1,"column":0},"end":{"line":1,"column":78}},"1":{"start":{"line":2,"column":0},"end":{"line":2,"column":43}},"2":{"start":{"line":4,"column":0},"end":{"line":4,"column":36}},"3":{"start":{"line":11,"column":40},"end":{"line":14,"column":2}},"4":{"start":{"line":16,"column":25},"end":{"line":68,"column":2}},"5":{"start":{"line":22,"column":8},"end":{"line":26,"column":9}},"6":{"start":{"line":23,"column":10},"end":{"line":23,"column":37}},"7":{"start":{"line":25,"column":10},"end":{"line":25,"column":49}},"8":{"start":{"line":28,"column":44},"end":{"line":30,"column":null}},"9":{"start":{"line":33,"column":6},"end":{"line":35,"column":8}},"10":{"start":{"line":34,"column":18},"end":{"line":34,"column":null}},"11":{"start":{"line":38,"column":20},"end":{"line":38,"column":34}},"12":{"start":{"line":39,"column":6},"end":{"line":43,"column":7}},"13":{"start":{"line":40,"column":21},"end":{"line":40,"column":45}},"14":{"start":{"line":41,"column":8},"end":{"line":41,"column":64}},"15":{"start":{"line":42,"column":8},"end":{"line":42,"column":44}},"16":{"start":{"line":46,"column":20},"end":{"line":46,"column":34}},"17":{"start":{"line":47,"column":6},"end":{"line":51,"column":7}},"18":{"start":{"line":48,"column":21},"end":{"line":48,"column":45}},"19":{"start":{"line":49,"column":8},"end":{"line":49,"column":64}},"20":{"start":{"line":50,"column":8},"end":{"line":50,"column":44}},"21":{"start":{"line":54,"column":6},"end":{"line":54,"column":23}},"22":{"start":{"line":55,"column":6},"end":{"line":55,"column":29}},"23":{"start":{"line":59,"column":37},"end":{"line":59,"column":null}},"24":{"start":{"line":60,"column":45},"end":{"line":60,"column":null}},"25":{"start":{"line":63,"column":4},"end":{"line":66,"column":7}},"26":{"start":{"line":64,"column":6},"end":{"line":64,"column":23}},"27":{"start":{"line":65,"column":6},"end":{"line":65,"column":29}},"28":{"start":{"line":70,"column":13},"end":{"line":78,"column":2}},"29":{"start":{"line":72,"column":57},"end":{"line":72,"column":null}},"30":{"start":{"line":74,"column":13},"end":{"line":77,"column":null}},"31":{"start":{"line":81,"column":2},"end":{"line":85,"column":null}},"32":{"start":{"line":88,"column":15},"end":{"line":88,"column":null}},"33":{"start":{"line":91,"column":0},"end":{"line":91,"column":40}}},"fnMap":{"0":{"name":"(anonymous_2)","decl":{"start":{"line":21,"column":15},"end":{"line":21,"column":16}},"loc":{"start":{"line":21,"column":68},"end":{"line":27,"column":7}}},"1":{"name":"(anonymous_3)","decl":{"start":{"line":28,"column":15},"end":{"line":28,"column":16}},"loc":{"start":{"line":28,"column":39},"end":{"line":28,"column":45}}},"2":{"name":"(anonymous_4)","decl":{"start":{"line":32,"column":22},"end":{"line":32,"column":23}},"loc":{"start":{"line":32,"column":59},"end":{"line":36,"column":5}}},"3":{"name":"(anonymous_5)","decl":{"start":{"line":34,"column":8},"end":{"line":34,"column":9}},"loc":{"start":{"line":34,"column":13},"end":{"line":34,"column":22}}},"4":{"name":"(anonymous_6)","decl":{"start":{"line":37,"column":22},"end":{"line":37,"column":23}},"loc":{"start":{"line":37,"column":59},"end":{"line":44,"column":5}}},"5":{"name":"(anonymous_7)","decl":{"start":{"line":45,"column":24},"end":{"line":45,"column":25}},"loc":{"start":{"line":45,"column":61},"end":{"line":52,"column":5}}},"6":{"name":"(anonymous_8)","decl":{"start":{"line":53,"column":22},"end":{"line":53,"column":23}},"loc":{"start":{"line":53,"column":28},"end":{"line":56,"column":5}}},"7":{"name":"(anonymous_9)","decl":{"start":{"line":59,"column":26},"end":{"line":59,"column":27}},"loc":{"start":{"line":59,"column":32},"end":{"line":59,"column":42}}},"8":{"name":"(anonymous_10)","decl":{"start":{"line":60,"column":34},"end":{"line":60,"column":35}},"loc":{"start":{"line":60,"column":40},"end":{"line":60,"column":50}}},"9":{"name":"(anonymous_11)","decl":{"start":{"line":62,"column":17},"end":{"line":62,"column":18}},"loc":{"start":{"line":62,"column":25},"end":{"line":67,"column":3}}},"10":{"name":"(anonymous_12)","decl":{"start":{"line":63,"column":43},"end":{"line":63,"column":44}},"loc":{"start":{"line":63,"column":49},"end":{"line":66,"column":5}}},"11":{"name":"(anonymous_13)","decl":{"start":{"line":72,"column":4},"end":{"line":72,"column":5}},"loc":{"start":{"line":72,"column":52},"end":{"line":72,"column":62}}},"12":{"name":"(anonymous_14)","decl":{"start":{"line":74,"column":2},"end":{"line":74,"column":3}},"loc":{"start":{"line":74,"column":8},"end":{"line":74,"column":14}}}},"branchMap":{"0":{"loc":{"start":{"line":22,"column":8},"end":{"line":26,"column":9}},"type":"if","locations":[{"start":{"line":22,"column":8},"end":{"line":26,"column":9}},{"start":{"line":24,"column":15},"end":{"line":26,"column":9}}]},"1":{"loc":{"start":{"line":39,"column":6},"end":{"line":43,"column":7}},"type":"if","locations":[{"start":{"line":39,"column":6},"end":{"line":43,"column":7}}]},"2":{"loc":{"start":{"line":47,"column":6},"end":{"line":51,"column":7}},"type":"if","locations":[{"start":{"line":47,"column":6},"end":{"line":51,"column":7}}]}},"s":{"0":2,"1":2,"2":2,"3":2,"4":2,"5":7,"6":2,"7":5,"8":7,"9":3,"10":6,"11":2,"12":2,"13":1,"14":1,"15":1,"16":2,"17":2,"18":1,"19":1,"20":1,"21":1,"22":1,"23":0,"24":0,"25":2,"26":1,"27":1,"28":2,"29":0,"30":0,"31":2,"32":2,"33":2},"f":{"0":7,"1":7,"2":3,"3":6,"4":2,"5":2,"6":1,"7":0,"8":0,"9":2,"10":1,"11":0,"12":0},"b":{"0":[2,5],"1":[1],"2":[1]}}
,"D:\\GitHub\\Yandex\\stellar-burgers\\src\\services\\slices\\feedSlice.ts": {"path":"D:\\GitHub\\Yandex\\stellar-burgers\\src\\services\\slices\\feedSlice.ts","statementMap":{"0":{"start":{"line":1,"column":0},"end":{"line":1,"column":65}},"1":{"start":{"line":2,"column":0},"end":{"line":2,"column":35}},"2":{"start":{"line":13,"column":33},"end":{"line":19,"column":2}},"3":{"start":{"line":21,"column":13},"end":{"line":24,"column":3}},"4":{"start":{"line":21,"column":62},"end":{"line":24,"column":2}},"5":{"start":{"line":22,"column":15},"end":{"line":22,"column":null}},"6":{"start":{"line":22,"column":8},"end":{"line":22,"column":null}},"7":{"start":{"line":23,"column":2},"end":{"line":23,"column":14}},"8":{"start":{"line":26,"column":18},"end":{"line":54,"column":2}},"9":{"start":{"line":31,"column":33},"end":{"line":31,"column":null}},"10":{"start":{"line":32,"column":32},"end":{"line":32,"column":null}},"11":{"start":{"line":33,"column":37},"end":{"line":33,"column":null}},"12":{"start":{"line":34,"column":36},"end":{"line":34,"column":null}},"13":{"start":{"line":35,"column":32},"end":{"line":35,"column":null}},"14":{"start":{"line":38,"column":4},"end":{"line":52,"column":9}},"15":{"start":{"line":40,"column":8},"end":{"line":40,"column":31}},"16":{"start":{"line":41,"column":8},"end":{"line":41,"column":27}},"17":{"start":{"line":44,"column":8},"end":{"line":44,"column":32}},"18":{"start":{"line":45,"column":8},"end":{"line":45,"column":45}},"19":{"start":{"line":46,"column":8},"end":{"line":46,"column":43}},"20":{"start":{"line":47,"column":8},"end":{"line":47,"column":53}},"21":{"start":{"line":50,"column":8},"end":{"line":50,"column":32}},"22":{"start":{"line":51,"column":8},"end":{"line":51,"column":78}},"23":{"start":{"line":57,"column":2},"end":{"line":61,"column":null}},"24":{"start":{"line":63,"column":0},"end":{"line":63,"column":33}}},"fnMap":{"0":{"name":"(anonymous_13)","decl":{"start":{"line":21,"column":62},"end":{"line":21,"column":null}},"loc":{"start":{"line":21,"column":62},"end":{"line":24,"column":2}}},"1":{"name":"(anonymous_16)","decl":{"start":{"line":31,"column":22},"end":{"line":31,"column":23}},"loc":{"start":{"line":31,"column":28},"end":{"line":31,"column":38}}},"2":{"name":"(anonymous_17)","decl":{"start":{"line":32,"column":21},"end":{"line":32,"column":22}},"loc":{"start":{"line":32,"column":27},"end":{"line":32,"column":37}}},"3":{"name":"(anonymous_18)","decl":{"start":{"line":33,"column":26},"end":{"line":33,"column":27}},"loc":{"start":{"line":33,"column":32},"end":{"line":33,"column":42}}},"4":{"name":"(anonymous_19)","decl":{"start":{"line":34,"column":25},"end":{"line":34,"column":26}},"loc":{"start":{"line":34,"column":31},"end":{"line":34,"column":41}}},"5":{"name":"(anonymous_20)","decl":{"start":{"line":35,"column":21},"end":{"line":35,"column":22}},"loc":{"start":{"line":35,"column":27},"end":{"line":35,"column":37}}},"6":{"name":"(anonymous_21)","decl":{"start":{"line":37,"column":17},"end":{"line":37,"column":18}},"loc":{"start":{"line":37,"column":25},"end":{"line":53,"column":3}}},"7":{"name":"(anonymous_22)","decl":{"start":{"line":39,"column":35},"end":{"line":39,"column":36}},"loc":{"start":{"line":39,"column":41},"end":{"line":42,"column":7}}},"8":{"name":"(anonymous_23)","decl":{"start":{"line":43,"column":37},"end":{"line":43,"column":38}},"loc":{"start":{"line":43,"column":51},"end":{"line":48,"column":7}}},"9":{"name":"(anonymous_24)","decl":{"start":{"line":49,"column":36},"end":{"line":49,"column":37}},"loc":{"start":{"line":49,"column":50},"end":{"line":52,"column":7}}}},"branchMap":{"0":{"loc":{"start":{"line":22,"column":15},"end":{"line":22,"column":null}},"type":"switch","locations":[{"start":{"line":22,"column":15},"end":{"line":22,"column":null}}]},"1":{"loc":{"start":{"line":51,"column":22},"end":{"line":51,"column":77}},"type":"binary-expr","locations":[{"start":{"line":51,"column":22},"end":{"line":51,"column":42}},{"start":{"line":51,"column":46},"end":{"line":51,"column":77}}]}},"s":{"0":1,"1":1,"2":1,"3":1,"4":0,"5":0,"6":0,"7":0,"8":1,"9":0,"10":0,"11":0,"12":0,"13":0,"14":1,"15":0,"16":0,"17":0,"18":0,"19":0,"20":0,"21":0,"22":0,"23":1,"24":1},"f":{"0":0,"1":0,"2":0,"3":0,"4":0,"5":0,"6":1,"7":0,"8":0,"9":0},"b":{"0":[0],"1":[0,0]}}
,"D:\\GitHub\\Yandex\\stellar-burgers\\src\\services\\slices\\index.ts": {"path":"D:\\GitHub\\Yandex\\stellar-burgers\\src\\services\\slices\\index.ts","statementMap":{"0":{"start":{"line":1,"column":0},"end":{"line":1,"column":9}},"1":{"start":{"line":1,"column":9},"end":{"line":1,"column":38}},"2":{"start":{"line":2,"column":0},"end":{"line":2,"column":9}},"3":{"start":{"line":2,"column":9},"end":{"line":2,"column":31}},"4":{"start":{"line":3,"column":0},"end":{"line":3,"column":9}},"5":{"start":{"line":3,"column":9},"end":{"line":3,"column":38}},"6":{"start":{"line":4,"column":0},"end":{"line":4,"column":9}},"7":{"start":{"line":4,"column":9},"end":{"line":4,"column":31}},"8":{"start":{"line":5,"column":0},"end":{"line":5,"column":9}},"9":{"start":{"line":5,"column":9},"end":{"line":5,"column":32}},"10":{"start":{"line":6,"column":0},"end":{"line":6,"column":9}},"11":{"start":{"line":6,"column":9},"end":{"line":6,"column":33}},"12":{"start":{"line":9,"column":0},"end":{"line":9,"column":null}},"13":{"start":{"line":10,"column":2},"end":{"line":10,"column":null}},"14":{"start":{"line":11,"column":2},"end":{"line":11,"column":null}},"15":{"start":{"line":12,"column":2},"end":{"line":12,"column":47}},"16":{"start":{"line":13,"column":2},"end":{"line":13,"column":39}},"17":{"start":{"line":17,"column":0},"end":{"line":17,"column":null}},"18":{"start":{"line":18,"column":2},"end":{"line":18,"column":null}},"19":{"start":{"line":19,"column":2},"end":{"line":19,"column":null}},"20":{"start":{"line":20,"column":2},"end":{"line":20,"column":null}},"21":{"start":{"line":21,"column":2},"end":{"line":21,"column":null}},"22":{"start":{"line":22,"column":2},"end":{"line":22,"column":null}},"23":{"start":{"line":23,"column":2},"end":{"line":23,"column":null}},"24":{"start":{"line":27,"column":0},"end":{"line":27,"column":null}},"25":{"start":{"line":28,"column":2},"end":{"line":28,"column":null}},"26":{"start":{"line":29,"column":2},"end":{"line":29,"column":null}},"27":{"start":{"line":30,"column":2},"end":{"line":30,"column":null}},"28":{"start":{"line":31,"column":2},"end":{"line":31,"column":null}},"29":{"start":{"line":32,"column":2},"end":{"line":32,"column":null}},"30":{"start":{"line":33,"column":2},"end":{"line":33,"column":null}},"31":{"start":{"line":34,"column":2},"end":{"line":34,"column":null}},"32":{"start":{"line":35,"column":2},"end":{"line":35,"column":null}},"33":{"start":{"line":39,"column":0},"end":{"line":39,"column":null}},"34":{"start":{"line":40,"column":2},"end":{"line":40,"column":null}},"35":{"start":{"line":41,"column":2},"end":{"line":41,"column":null}},"36":{"start":{"line":42,"column":2},"end":{"line":42,"column":null}},"37":{"start":{"line":43,"column":2},"end":{"line":43,"column":null}},"38":{"start":{"line":44,"column":2},"end":{"line":44,"column":null}},"39":{"start":{"line":45,"column":2},"end":{"line":45,"column":null}},"40":{"start":{"line":46,"column":2},"end":{"line":46,"column":null}},"41":{"start":{"line":47,"column":2},"end":{"line":47,"column":null}},"42":{"start":{"line":48,"column":2},"end":{"line":48,"column":40}},"43":{"start":{"line":49,"column":2},"end":{"line":49,"column":32}},"44":{"start":{"line":53,"column":0},"end":{"line":53,"column":null}},"45":{"start":{"line":54,"column":2},"end":{"line":54,"column":null}},"46":{"start":{"line":55,"column":2},"end":{"line":55,"column":null}},"47":{"start":{"line":56,"column":2},"end":{"line":56,"column":null}},"48":{"start":{"line":57,"column":2},"end":{"line":57,"column":null}},"49":{"start":{"line":58,"column":2},"end":{"line":58,"column":null}},"50":{"start":{"line":59,"column":2},"end":{"line":59,"column":null}},"51":{"start":{"line":60,"column":2},"end":{"line":60,"column":null}},"52":{"start":{"line":61,"column":2},"end":{"line":61,"column":null}},"53":{"start":{"line":65,"column":0},"end":{"line":65,"column":null}},"54":{"start":{"line":66,"column":2},"end":{"line":66,"column":null}},"55":{"start":{"line":67,"column":2},"end":{"line":67,"column":null}},"56":{"start":{"line":68,"column":2},"end":{"line":68,"column":null}},"57":{"start":{"line":69,"column":2},"end":{"line":69,"column":null}}},"fnMap":{"0":{"name":"(anonymous_1)","decl":{"start":{"line":1,"column":9},"end":{"line":1,"column":16}},"loc":{"start":{"line":1,"column":9},"end":{"line":1,"column":38}}},"1":{"name":"(anonymous_2)","decl":{"start":{"line":2,"column":9},"end":{"line":2,"column":16}},"loc":{"start":{"line":2,"column":9},"end":{"line":2,"column":31}}},"2":{"name":"(anonymous_3)","decl":{"start":{"line":3,"column":9},"end":{"line":3,"column":16}},"loc":{"start":{"line":3,"column":9},"end":{"line":3,"column":38}}},"3":{"name":"(anonymous_4)","decl":{"start":{"line":4,"column":9},"end":{"line":4,"column":16}},"loc":{"start":{"line":4,"column":9},"end":{"line":4,"column":31}}},"4":{"name":"(anonymous_5)","decl":{"start":{"line":5,"column":9},"end":{"line":5,"column":16}},"loc":{"start":{"line":5,"column":9},"end":{"line":5,"column":32}}},"5":{"name":"(anonymous_6)","decl":{"start":{"line":6,"column":9},"end":{"line":6,"column":16}},"loc":{"start":{"line":6,"column":9},"end":{"line":6,"column":33}}},"6":{"name":"(anonymous_7)","decl":{"start":{"line":10,"column":2},"end":{"line":10,"column":18}},"loc":{"start":{"line":10,"column":2},"end":{"line":10,"column":null}}},"7":{"name":"(anonymous_8)","decl":{"start":{"line":11,"column":2},"end":{"line":11,"column":19}},"loc":{"start":{"line":11,"column":2},"end":{"line":11,"column":null}}},"8":{"name":"(anonymous_9)","decl":{"start":{"line":12,"column":2},"end":{"line":12,"column":17}},"loc":{"start":{"line":12,"column":2},"end":{"line":12,"column":47}}},"9":{"name":"(anonymous_10)","decl":{"start":{"line":13,"column":2},"end":{"line":13,"column":13}},"loc":{"start":{"line":13,"column":2},"end":{"line":13,"column":39}}},"10":{"name":"(anonymous_11)","decl":{"start":{"line":18,"column":2},"end":{"line":18,"column":12}},"loc":{"start":{"line":18,"column":2},"end":{"line":18,"column":null}}},"11":{"name":"(anonymous_12)","decl":{"start":{"line":19,"column":2},"end":{"line":19,"column":18}},"loc":{"start":{"line":19,"column":2},"end":{"line":19,"column":null}}},"12":{"name":"(anonymous_13)","decl":{"start":{"line":20,"column":2},"end":{"line":20,"column":17}},"loc":{"start":{"line":20,"column":2},"end":{"line":20,"column":null}}},"13":{"name":"(anonymous_14)","decl":{"start":{"line":21,"column":2},"end":{"line":21,"column":22}},"loc":{"start":{"line":21,"column":2},"end":{"line":21,"column":null}}},"14":{"name":"(anonymous_15)","decl":{"start":{"line":22,"column":2},"end":{"line":22,"column":21}},"loc":{"start":{"line":22,"column":2},"end":{"line":22,"column":null}}},"15":{"name":"(anonymous_16)","decl":{"start":{"line":23,"column":2},"end":{"line":23,"column":17}},"loc":{"start":{"line":23,"column":2},"end":{"line":23,"column":null}}},"16":{"name":"(anonymous_17)","decl":{"start":{"line":28,"column":2},"end":{"line":28,"column":15}},"loc":{"start":{"line":28,"column":2},"end":{"line":28,"column":null}}},"17":{"name":"(anonymous_18)","decl":{"start":{"line":29,"column":2},"end":{"line":29,"column":18}},"loc":{"start":{"line":29,"column":2},"end":{"line":29,"column":null}}},"18":{"name":"(anonymous_19)","decl":{"start":{"line":30,"column":2},"end":{"line":30,"column":18}},"loc":{"start":{"line":30,"column":2},"end":{"line":30,"column":null}}},"19":{"name":"(anonymous_20)","decl":{"start":{"line":31,"column":2},"end":{"line":31,"column":20}},"loc":{"start":{"line":31,"column":2},"end":{"line":31,"column":null}}},"20":{"name":"(anonymous_21)","decl":{"start":{"line":32,"column":2},"end":{"line":32,"column":18}},"loc":{"start":{"line":32,"column":2},"end":{"line":32,"column":null}}},"21":{"name":"(anonymous_22)","decl":{"start":{"line":33,"column":2},"end":{"line":33,"column":22}},"loc":{"start":{"line":33,"column":2},"end":{"line":33,"column":null}}},"22":{"name":"(anonymous_23)","decl":{"start":{"line":34,"column":2},"end":{"line":34,"column":30}},"loc":{"start":{"line":34,"column":2},"end":{"line":34,"column":null}}},"23":{"name":"(anonymous_24)","decl":{"start":{"line":35,"column":2},"end":{"line":35,"column":24}},"loc":{"start":{"line":35,"column":2},"end":{"line":35,"column":null}}},"24":{"name":"(anonymous_25)","decl":{"start":{"line":40,"column":2},"end":{"line":40,"column":11}},"loc":{"start":{"line":40,"column":2},"end":{"line":40,"column":null}}},"25":{"name":"(anonymous_26)","decl":{"start":{"line":41,"column":2},"end":{"line":41,"column":14}},"loc":{"start":{"line":41,"column":2},"end":{"line":41,"column":null}}},"26":{"name":"(anonymous_27)","decl":{"start":{"line":42,"column":2},"end":{"line":42,"column":12}},"loc":{"start":{"line":42,"column":2},"end":{"line":42,"column":null}}},"27":{"name":"(anonymous_28)","decl":{"start":{"line":43,"column":2},"end":{"line":43,"column":15}},"loc":{"start":{"line":43,"column":2},"end":{"line":43,"column":null}}},"28":{"name":"(anonymous_29)","decl":{"start":{"line":44,"column":2},"end":{"line":44,"column":12}},"loc":{"start":{"line":44,"column":2},"end":{"line":44,"column":null}}},"29":{"name":"(anonymous_30)","decl":{"start":{"line":45,"column":2},"end":{"line":45,"column":16}},"loc":{"start":{"line":45,"column":2},"end":{"line":45,"column":null}}},"30":{"name":"(anonymous_31)","decl":{"start":{"line":46,"column":2},"end":{"line":46,"column":12}},"loc":{"start":{"line":46,"column":2},"end":{"line":46,"column":null}}},"31":{"name":"(anonymous_32)","decl":{"start":{"line":47,"column":2},"end":{"line":47,"column":21}},"loc":{"start":{"line":47,"column":2},"end":{"line":47,"column":null}}},"32":{"name":"(anonymous_33)","decl":{"start":{"line":48,"column":2},"end":{"line":48,"column":17}},"loc":{"start":{"line":48,"column":2},"end":{"line":48,"column":40}}},"33":{"name":"(anonymous_34)","decl":{"start":{"line":49,"column":2},"end":{"line":49,"column":13}},"loc":{"start":{"line":49,"column":2},"end":{"line":49,"column":32}}},"34":{"name":"(anonymous_35)","decl":{"start":{"line":54,"column":2},"end":{"line":54,"column":13}},"loc":{"start":{"line":54,"column":2},"end":{"line":54,"column":null}}},"35":{"name":"(anonymous_36)","decl":{"start":{"line":55,"column":2},"end":{"line":55,"column":20}},"loc":{"start":{"line":55,"column":2},"end":{"line":55,"column":null}}},"36":{"name":"(anonymous_37)","decl":{"start":{"line":56,"column":2},"end":{"line":56,"column":17}},"loc":{"start":{"line":56,"column":2},"end":{"line":56,"column":null}}},"37":{"name":"(anonymous_38)","decl":{"start":{"line":57,"column":2},"end":{"line":57,"column":20}},"loc":{"start":{"line":57,"column":2},"end":{"line":57,"column":null}}},"38":{"name":"(anonymous_39)","decl":{"start":{"line":58,"column":2},"end":{"line":58,"column":22}},"loc":{"start":{"line":58,"column":2},"end":{"line":58,"column":null}}},"39":{"name":"(anonymous_40)","decl":{"start":{"line":59,"column":2},"end":{"line":59,"column":21}},"loc":{"start":{"line":59,"column":2},"end":{"line":59,"column":null}}},"40":{"name":"(anonymous_41)","decl":{"start":{"line":60,"column":2},"end":{"line":60,"column":22}},"loc":{"start":{"line":60,"column":2},"end":{"line":60,"column":null}}},"41":{"name":"(anonymous_42)","decl":{"start":{"line":61,"column":2},"end":{"line":61,"column":18}},"loc":{"start":{"line":61,"column":2},"end":{"line":61,"column":null}}},"42":{"name":"(anonymous_43)","decl":{"start":{"line":66,"column":2},"end":{"line":66,"column":13}},"loc":{"start":{"line":66,"column":2},"end":{"line":66,"column":null}}},"43":{"name":"(anonymous_44)","decl":{"start":{"line":67,"column":2},"end":{"line":67,"column":14}},"loc":{"start":{"line":67,"column":2},"end":{"line":67,"column":null}}},"44":{"name":"(anonymous_45)","decl":{"start":{"line":68,"column":2},"end":{"line":68,"column":23}},"loc":{"start":{"line":68,"column":2},"end":{"line":68,"column":null}}},"45":{"name":"(anonymous_46)","decl":{"start":{"line":69,"column":2},"end":{"line":69,"column":19}},"loc":{"start":{"line":69,"column":2},"end":{"line":69,"column":null}}}},"branchMap":{},"s":{"0":0,"1":0,"2":0,"3":0,"4":0,"5":0,"6":0,"7":0,"8":0,"9":0,"10":0,"11":0,"12":0,"13":0,"14":0,"15":0,"16":0,"17":0,"18":0,"19":0,"20":0,"21":0,"22":0,"23":0,"24":0,"25":0,"26":0,"27":0,"28":0,"29":0,"30":0,"31":0,"32":0,"33":0,"34":0,"35":0,"36":0,"37":0,"38":0,"39":0,"40":0,"41":0,"42":0,"43":0,"44":0,"45":0,"46":0,"47":0,"48":0,"49":0,"50":0,"51":0,"52":0,"53":0,"54":0,"55":0,"56":0,"57":0},"f":{"0":0,"1":0,"2":0,"3":0,"4":0,"5":0,"6":0,"7":0,"8":0,"9":0,"10":0,"11":0,"12":0,"13":0,"14":0,"15":0,"16":0,"17":0,"18":0,"19":0,"20":0,"21":0,"22":0,"23":0,"24":0,"25":0,"26":0,"27":0,"28":0,"29":0,"30":0,"31":0,"32":0,"33":0,"34":0,"35":0,"36":0,"37":0,"38":0,"39":0,"40":0,"41":0,"42":0,"43":0,"44":0,"45":0},"b":{}}
,"D:\\GitHub\\Yandex\\stellar-burgers\\src\\services\\slices\\ingredientsSlice.ts": {"path":"D:\\GitHub\\Yandex\\stellar-burgers\\src\\services\\slices\\ingredientsSlice.ts","statementMap":{"0":{"start":{"line":1,"column":0},"end":{"line":1,"column":65}},"1":{"start":{"line":2,"column":0},"end":{"line":2,"column":41}},"2":{"start":{"line":11,"column":40},"end":{"line":15,"column":2}},"3":{"start":{"line":17,"column":13},"end":{"line":23,"column":2}},"4":{"start":{"line":19,"column":2},"end":{"line":22,"column":null}},"5":{"start":{"line":20,"column":17},"end":{"line":20,"column":null}},"6":{"start":{"line":20,"column":10},"end":{"line":20,"column":null}},"7":{"start":{"line":21,"column":4},"end":{"line":21,"column":16}},"8":{"start":{"line":25,"column":25},"end":{"line":49,"column":2}},"9":{"start":{"line":30,"column":34},"end":{"line":30,"column":null}},"10":{"start":{"line":31,"column":32},"end":{"line":31,"column":null}},"11":{"start":{"line":32,"column":28},"end":{"line":32,"column":null}},"12":{"start":{"line":35,"column":4},"end":{"line":47,"column":9}},"13":{"start":{"line":37,"column":8},"end":{"line":37,"column":31}},"14":{"start":{"line":38,"column":8},"end":{"line":38,"column":27}},"15":{"start":{"line":41,"column":8},"end":{"line":41,"column":32}},"16":{"start":{"line":42,"column":8},"end":{"line":42,"column":43}},"17":{"start":{"line":45,"column":8},"end":{"line":45,"column":32}},"18":{"start":{"line":46,"column":8},"end":{"line":46,"column":77}},"19":{"start":{"line":51,"column":15},"end":{"line":51,"column":null}},"20":{"start":{"line":53,"column":0},"end":{"line":53,"column":40}}},"fnMap":{"0":{"name":"(anonymous_13)","decl":{"start":{"line":19,"column":2},"end":{"line":19,"column":null}},"loc":{"start":{"line":19,"column":2},"end":{"line":22,"column":null}}},"1":{"name":"(anonymous_16)","decl":{"start":{"line":30,"column":23},"end":{"line":30,"column":24}},"loc":{"start":{"line":30,"column":29},"end":{"line":30,"column":39}}},"2":{"name":"(anonymous_17)","decl":{"start":{"line":31,"column":21},"end":{"line":31,"column":22}},"loc":{"start":{"line":31,"column":27},"end":{"line":31,"column":37}}},"3":{"name":"(anonymous_18)","decl":{"start":{"line":32,"column":17},"end":{"line":32,"column":18}},"loc":{"start":{"line":32,"column":23},"end":{"line":32,"column":33}}},"4":{"name":"(anonymous_19)","decl":{"start":{"line":34,"column":17},"end":{"line":34,"column":18}},"loc":{"start":{"line":34,"column":25},"end":{"line":48,"column":3}}},"5":{"name":"(anonymous_20)","decl":{"start":{"line":36,"column":41},"end":{"line":36,"column":42}},"loc":{"start":{"line":36,"column":47},"end":{"line":39,"column":7}}},"6":{"name":"(anonymous_21)","decl":{"start":{"line":40,"column":43},"end":{"line":40,"column":44}},"loc":{"start":{"line":40,"column":57},"end":{"line":43,"column":7}}},"7":{"name":"(anonymous_22)","decl":{"start":{"line":44,"column":42},"end":{"line":44,"column":43}},"loc":{"start":{"line":44,"column":56},"end":{"line":47,"column":7}}}},"branchMap":{"0":{"loc":{"start":{"line":20,"column":17},"end":{"line":20,"column":null}},"type":"switch","locations":[{"start":{"line":20,"column":17},"end":{"line":20,"column":null}}]},"1":{"loc":{"start":{"line":46,"column":22},"end":{"line":46,"column":76}},"type":"binary-expr","locations":[{"start":{"line":46,"column":22},"end":{"line":46,"column":42}},{"start":{"line":46,"column":46},"end":{"line":46,"column":76}}]}},"s":{"0":2,"1":2,"2":2,"3":2,"4":0,"5":0,"6":0,"7":0,"8":2,"9":0,"10":0,"11":0,"12":2,"13":1,"14":1,"15":1,"16":1,"17":2,"18":2,"19":2,"20":2},"f":{"0":0,"1":0,"2":0,"3":0,"4":2,"5":1,"6":1,"7":2},"b":{"0":[0],"1":[2,1]}}
,"D:\\GitHub\\Yandex\\stellar-burgers\\src\\services\\slices\\orderSlice.ts": {"path":"D:\\GitHub\\Yandex\\stellar-burgers\\src\\services\\slices\\orderSlice.ts","statementMap":{"0":{"start":{"line":1,"column":0},"end":{"line":1,"column":65}},"1":{"start":{"line":2,"column":0},"end":{"line":2,"column":59}},"2":{"start":{"line":13,"column":34},"end":{"line":19,"column":2}},"3":{"start":{"line":21,"column":13},"end":{"line":27,"column":2}},"4":{"start":{"line":23,"column":23},"end":{"line":26,"column":null}},"5":{"start":{"line":24,"column":17},"end":{"line":24,"column":null}},"6":{"start":{"line":24,"column":10},"end":{"line":24,"column":null}},"7":{"start":{"line":25,"column":4},"end":{"line":25,"column":26}},"8":{"start":{"line":29,"column":13},"end":{"line":35,"column":2}},"9":{"start":{"line":31,"column":30},"end":{"line":34,"column":null}},"10":{"start":{"line":32,"column":17},"end":{"line":32,"column":null}},"11":{"start":{"line":32,"column":10},"end":{"line":32,"column":null}},"12":{"start":{"line":33,"column":4},"end":{"line":33,"column":22}},"13":{"start":{"line":37,"column":19},"end":{"line":82,"column":2}},"14":{"start":{"line":42,"column":6},"end":{"line":42,"column":34}},"15":{"start":{"line":43,"column":6},"end":{"line":43,"column":33}},"16":{"start":{"line":47,"column":35},"end":{"line":47,"column":null}},"17":{"start":{"line":48,"column":37},"end":{"line":48,"column":null}},"18":{"start":{"line":49,"column":36},"end":{"line":49,"column":null}},"19":{"start":{"line":50,"column":37},"end":{"line":50,"column":null}},"20":{"start":{"line":51,"column":33},"end":{"line":51,"column":null}},"21":{"start":{"line":54,"column":4},"end":{"line":80,"column":9}},"22":{"start":{"line":57,"column":8},"end":{"line":57,"column":34}},"23":{"start":{"line":58,"column":8},"end":{"line":58,"column":27}},"24":{"start":{"line":61,"column":8},"end":{"line":61,"column":35}},"25":{"start":{"line":62,"column":8},"end":{"line":62,"column":67}},"26":{"start":{"line":65,"column":8},"end":{"line":65,"column":35}},"27":{"start":{"line":66,"column":8},"end":{"line":66,"column":73}},"28":{"start":{"line":70,"column":8},"end":{"line":70,"column":31}},"29":{"start":{"line":71,"column":8},"end":{"line":71,"column":27}},"30":{"start":{"line":74,"column":8},"end":{"line":74,"column":32}},"31":{"start":{"line":75,"column":8},"end":{"line":75,"column":45}},"32":{"start":{"line":78,"column":8},"end":{"line":78,"column":32}},"33":{"start":{"line":79,"column":8},"end":{"line":79,"column":71}},"34":{"start":{"line":84,"column":15},"end":{"line":84,"column":54}},"35":{"start":{"line":86,"column":2},"end":{"line":90,"column":null}},"36":{"start":{"line":92,"column":0},"end":{"line":92,"column":34}}},"fnMap":{"0":{"name":"(anonymous_13)","decl":{"start":{"line":23,"column":2},"end":{"line":23,"column":9}},"loc":{"start":{"line":23,"column":23},"end":{"line":26,"column":null}}},"1":{"name":"(anonymous_14)","decl":{"start":{"line":23,"column":23},"end":{"line":23,"column":null}},"loc":{"start":{"line":23,"column":23},"end":{"line":26,"column":null}}},"2":{"name":"(anonymous_16)","decl":{"start":{"line":31,"column":2},"end":{"line":31,"column":9}},"loc":{"start":{"line":31,"column":30},"end":{"line":34,"column":null}}},"3":{"name":"(anonymous_17)","decl":{"start":{"line":31,"column":30},"end":{"line":31,"column":null}},"loc":{"start":{"line":31,"column":30},"end":{"line":34,"column":null}}},"4":{"name":"(anonymous_19)","decl":{"start":{"line":41,"column":21},"end":{"line":41,"column":22}},"loc":{"start":{"line":41,"column":27},"end":{"line":44,"column":5}}},"5":{"name":"(anonymous_20)","decl":{"start":{"line":47,"column":24},"end":{"line":47,"column":25}},"loc":{"start":{"line":47,"column":30},"end":{"line":47,"column":40}}},"6":{"name":"(anonymous_21)","decl":{"start":{"line":48,"column":26},"end":{"line":48,"column":27}},"loc":{"start":{"line":48,"column":32},"end":{"line":48,"column":42}}},"7":{"name":"(anonymous_22)","decl":{"start":{"line":49,"column":25},"end":{"line":49,"column":26}},"loc":{"start":{"line":49,"column":31},"end":{"line":49,"column":41}}},"8":{"name":"(anonymous_23)","decl":{"start":{"line":50,"column":26},"end":{"line":50,"column":27}},"loc":{"start":{"line":50,"column":32},"end":{"line":50,"column":42}}},"9":{"name":"(anonymous_24)","decl":{"start":{"line":51,"column":22},"end":{"line":51,"column":23}},"loc":{"start":{"line":51,"column":28},"end":{"line":51,"column":38}}},"10":{"name":"(anonymous_25)","decl":{"start":{"line":53,"column":17},"end":{"line":53,"column":18}},"loc":{"start":{"line":53,"column":25},"end":{"line":81,"column":3}}},"11":{"name":"(anonymous_26)","decl":{"start":{"line":56,"column":36},"end":{"line":56,"column":37}},"loc":{"start":{"line":56,"column":42},"end":{"line":59,"column":7}}},"12":{"name":"(anonymous_27)","decl":{"start":{"line":60,"column":38},"end":{"line":60,"column":39}},"loc":{"start":{"line":60,"column":52},"end":{"line":63,"column":7}}},"13":{"name":"(anonymous_28)","decl":{"start":{"line":64,"column":37},"end":{"line":64,"column":38}},"loc":{"start":{"line":64,"column":51},"end":{"line":67,"column":7}}},"14":{"name":"(anonymous_29)","decl":{"start":{"line":69,"column":43},"end":{"line":69,"column":44}},"loc":{"start":{"line":69,"column":49},"end":{"line":72,"column":7}}},"15":{"name":"(anonymous_30)","decl":{"start":{"line":73,"column":45},"end":{"line":73,"column":46}},"loc":{"start":{"line":73,"column":59},"end":{"line":76,"column":7}}},"16":{"name":"(anonymous_31)","decl":{"start":{"line":77,"column":44},"end":{"line":77,"column":45}},"loc":{"start":{"line":77,"column":58},"end":{"line":80,"column":7}}}},"branchMap":{"0":{"loc":{"start":{"line":24,"column":17},"end":{"line":24,"column":null}},"type":"switch","locations":[{"start":{"line":24,"column":17},"end":{"line":24,"column":null}}]},"1":{"loc":{"start":{"line":32,"column":17},"end":{"line":32,"column":null}},"type":"switch","locations":[{"start":{"line":32,"column":17},"end":{"line":32,"column":null}}]},"2":{"loc":{"start":{"line":66,"column":22},"end":{"line":66,"column":72}},"type":"binary-expr","locations":[{"start":{"line":66,"column":22},"end":{"line":66,"column":42}},{"start":{"line":66,"column":46},"end":{"line":66,"column":72}}]},"3":{"loc":{"start":{"line":79,"column":22},"end":{"line":79,"column":70}},"type":"binary-expr","locations":[{"start":{"line":79,"column":22},"end":{"line":79,"column":42}},{"start":{"line":79,"column":46},"end":{"line":79,"column":70}}]}},"s":{"0":2,"1":2,"2":2,"3":2,"4":0,"5":0,"6":0,"7":0,"8":2,"9":0,"10":0,"11":0,"12":0,"13":2,"14":0,"15":0,"16":0,"17":0,"18":0,"19":0,"20":0,"21":1,"22":0,"23":0,"24":0,"25":0,"26":0,"27":0,"28":0,"29":0,"30":0,"31":0,"32":0,"33":0,"34":2,"35":2,"36":2},"f":{"0":0,"1":0,"2":0,"3":0,"4":0,"5":0,"6":0,"7":0,"8":0,"9":0,"10":1,"11":0,"12":0,"13":0,"14":0,"15":0,"16":0},"b":{"0":[0],"1":[0],"2":[0,0],"3":[0,0]}}
,"D:\\GitHub\\Yandex\\stellar-burgers\\src\\services\\slices\\ordersSlice.ts": {"path":"D:\\GitHub\\Yandex\\stellar-burgers\\src\\services\\slices\\ordersSlice.ts","statementMap":{"0":{"start":{"line":1,"column":0},"end":{"line":1,"column":65}},"1":{"start":{"line":2,"column":0},"end":{"line":2,"column":36}},"2":{"start":{"line":11,"column":35},"end":{"line":15,"column":2}},"3":{"start":{"line":17,"column":13},"end":{"line":20,"column":3}},"4":{"start":{"line":17,"column":66},"end":{"line":20,"column":2}},"5":{"start":{"line":18,"column":15},"end":{"line":18,"column":null}},"6":{"start":{"line":18,"column":8},"end":{"line":18,"column":null}},"7":{"start":{"line":19,"column":2},"end":{"line":19,"column":14}},"8":{"start":{"line":22,"column":20},"end":{"line":46,"column":2}},"9":{"start":{"line":27,"column":29},"end":{"line":27,"column":null}},"10":{"start":{"line":28,"column":38},"end":{"line":28,"column":null}},"11":{"start":{"line":29,"column":34},"end":{"line":29,"column":null}},"12":{"start":{"line":32,"column":4},"end":{"line":44,"column":9}},"13":{"start":{"line":34,"column":8},"end":{"line":34,"column":31}},"14":{"start":{"line":35,"column":8},"end":{"line":35,"column":27}},"15":{"start":{"line":38,"column":8},"end":{"line":38,"column":32}},"16":{"start":{"line":39,"column":8},"end":{"line":39,"column":38}},"17":{"start":{"line":42,"column":8},"end":{"line":42,"column":32}},"18":{"start":{"line":43,"column":8},"end":{"line":43,"column":72}},"19":{"start":{"line":48,"column":15},"end":{"line":48,"column":null}},"20":{"start":{"line":50,"column":0},"end":{"line":50,"column":35}}},"fnMap":{"0":{"name":"(anonymous_13)","decl":{"start":{"line":17,"column":66},"end":{"line":17,"column":null}},"loc":{"start":{"line":17,"column":66},"end":{"line":20,"column":2}}},"1":{"name":"(anonymous_16)","decl":{"start":{"line":27,"column":18},"end":{"line":27,"column":19}},"loc":{"start":{"line":27,"column":24},"end":{"line":27,"column":34}}},"2":{"name":"(anonymous_17)","decl":{"start":{"line":28,"column":27},"end":{"line":28,"column":28}},"loc":{"start":{"line":28,"column":33},"end":{"line":28,"column":43}}},"3":{"name":"(anonymous_18)","decl":{"start":{"line":29,"column":23},"end":{"line":29,"column":24}},"loc":{"start":{"line":29,"column":29},"end":{"line":29,"column":39}}},"4":{"name":"(anonymous_19)","decl":{"start":{"line":31,"column":17},"end":{"line":31,"column":18}},"loc":{"start":{"line":31,"column":25},"end":{"line":45,"column":3}}},"5":{"name":"(anonymous_20)","decl":{"start":{"line":33,"column":36},"end":{"line":33,"column":37}},"loc":{"start":{"line":33,"column":42},"end":{"line":36,"column":7}}},"6":{"name":"(anonymous_21)","decl":{"start":{"line":37,"column":38},"end":{"line":37,"column":39}},"loc":{"start":{"line":37,"column":52},"end":{"line":40,"column":7}}},"7":{"name":"(anonymous_22)","decl":{"start":{"line":41,"column":37},"end":{"line":41,"column":38}},"loc":{"start":{"line":41,"column":51},"end":{"line":44,"column":7}}}},"branchMap":{"0":{"loc":{"start":{"line":18,"column":15},"end":{"line":18,"column":null}},"type":"switch","locations":[{"start":{"line":18,"column":15},"end":{"line":18,"column":null}}]},"1":{"loc":{"start":{"line":43,"column":22},"end":{"line":43,"column":71}},"type":"binary-expr","locations":[{"start":{"line":43,"column":22},"end":{"line":43,"column":42}},{"start":{"line":43,"column":46},"end":{"line":43,"column":71}}]}},"s":{"0":1,"1":1,"2":1,"3":1,"4":0,"5":0,"6":0,"7":0,"8":1,"9":0,"10":0,"11":0,"12":1,"13":0,"14":0,"15":0,"16":0,"17":0,"18":0,"19":1,"20":1},"f":{"0":0,"1":0,"2":0,"3":0,"4":1,"5":0,"6":0,"7":0},"b":{"0":[0],"1":[0,0]}}
,"D:\\GitHub\\Yandex\\stellar-burgers\\src\\services\\slices\\userSlice.ts": {"path":"D:\\GitHub\\Yandex\\stellar-burgers\\src\\services\\slices\\userSlice.ts","statementMap":{"0":{"start":{"line":1,"column":0},"end":{"line":1,"column":65}},"1":{"start":{"line":2,"column":0},"end":{"line":2,"column":null}},"2":{"start":{"line":12,"column":0},"end":{"line":12,"column":72}},"3":{"start":{"line":21,"column":33},"end":{"line":26,"column":2}},"4":{"start":{"line":28,"column":13},"end":{"line":36,"column":2}},"5":{"start":{"line":30,"column":25},"end":{"line":35,"column":null}},"6":{"start":{"line":31,"column":21},"end":{"line":31,"column":null}},"7":{"start":{"line":31,"column":10},"end":{"line":31,"column":null}},"8":{"start":{"line":32,"column":4},"end":{"line":32,"column":51}},"9":{"start":{"line":33,"column":4},"end":{"line":33,"column":64}},"10":{"start":{"line":34,"column":4},"end":{"line":34,"column":25}},"11":{"start":{"line":38,"column":13},"end":{"line":46,"column":2}},"12":{"start":{"line":40,"column":28},"end":{"line":45,"column":null}},"13":{"start":{"line":41,"column":21},"end":{"line":41,"column":null}},"14":{"start":{"line":41,"column":10},"end":{"line":41,"column":null}},"15":{"start":{"line":42,"column":4},"end":{"line":42,"column":51}},"16":{"start":{"line":43,"column":4},"end":{"line":43,"column":64}},"17":{"start":{"line":44,"column":4},"end":{"line":44,"column":25}},"18":{"start":{"line":48,"column":13},"end":{"line":52,"column":3}},"19":{"start":{"line":48,"column":58},"end":{"line":52,"column":2}},"20":{"start":{"line":49,"column":2},"end":{"line":49,"column":20}},"21":{"start":{"line":50,"column":2},"end":{"line":50,"column":30}},"22":{"start":{"line":51,"column":2},"end":{"line":51,"column":42}},"23":{"start":{"line":54,"column":13},"end":{"line":71,"column":2}},"24":{"start":{"line":56,"column":29},"end":{"line":56,"column":31}},"25":{"start":{"line":57,"column":10},"end":{"line":57,"column":49}},"26":{"start":{"line":58,"column":4},"end":{"line":60,"column":5}},"27":{"start":{"line":59,"column":6},"end":{"line":59,"column":47}},"28":{"start":{"line":62,"column":23},"end":{"line":62,"column":null}},"29":{"start":{"line":62,"column":12},"end":{"line":62,"column":null}},"30":{"start":{"line":63,"column":6},"end":{"line":65,"column":7}},"31":{"start":{"line":64,"column":8},"end":{"line":64,"column":29}},"32":{"start":{"line":66,"column":6},"end":{"line":66,"column":51}},"33":{"start":{"line":68,"column":6},"end":{"line":68,"column":47}},"34":{"start":{"line":73,"column":13},"end":{"line":79,"column":2}},"35":{"start":{"line":75,"column":37},"end":{"line":78,"column":null}},"36":{"start":{"line":76,"column":21},"end":{"line":76,"column":null}},"37":{"start":{"line":76,"column":10},"end":{"line":76,"column":null}},"38":{"start":{"line":77,"column":4},"end":{"line":77,"column":25}},"39":{"start":{"line":81,"column":18},"end":{"line":158,"column":2}},"40":{"start":{"line":86,"column":6},"end":{"line":86,"column":43}},"41":{"start":{"line":90,"column":27},"end":{"line":90,"column":null}},"42":{"start":{"line":91,"column":36},"end":{"line":91,"column":null}},"43":{"start":{"line":92,"column":32},"end":{"line":92,"column":null}},"44":{"start":{"line":93,"column":28},"end":{"line":93,"column":null}},"45":{"start":{"line":96,"column":4},"end":{"line":156,"column":9}},"46":{"start":{"line":99,"column":8},"end":{"line":99,"column":31}},"47":{"start":{"line":100,"column":8},"end":{"line":100,"column":27}},"48":{"start":{"line":103,"column":8},"end":{"line":103,"column":32}},"49":{"start":{"line":104,"column":8},"end":{"line":104,"column":36}},"50":{"start":{"line":105,"column":8},"end":{"line":105,"column":35}},"51":{"start":{"line":108,"column":8},"end":{"line":108,"column":32}},"52":{"start":{"line":109,"column":8},"end":{"line":109,"column":61}},"53":{"start":{"line":113,"column":8},"end":{"line":113,"column":31}},"54":{"start":{"line":114,"column":8},"end":{"line":114,"column":27}},"55":{"start":{"line":117,"column":8},"end":{"line":117,"column":32}},"56":{"start":{"line":118,"column":8},"end":{"line":118,"column":36}},"57":{"start":{"line":119,"column":8},"end":{"line":119,"column":35}},"58":{"start":{"line":122,"column":8},"end":{"line":122,"column":32}},"59":{"start":{"line":123,"column":8},"end":{"line":123,"column":67}},"60":{"start":{"line":127,"column":8},"end":{"line":127,"column":26}},"61":{"start":{"line":128,"column":8},"end":{"line":128,"column":36}},"62":{"start":{"line":132,"column":8},"end":{"line":132,"column":31}},"63":{"start":{"line":135,"column":8},"end":{"line":135,"column":32}},"64":{"start":{"line":136,"column":8},"end":{"line":136,"column":36}},"65":{"start":{"line":137,"column":8},"end":{"line":137,"column":35}},"66":{"start":{"line":140,"column":8},"end":{"line":140,"column":32}},"67":{"start":{"line":141,"column":8},"end":{"line":141,"column":26}},"68":{"start":{"line":142,"column":8},"end":{"line":142,"column":35}},"69":{"start":{"line":146,"column":8},"end":{"line":146,"column":31}},"70":{"start":{"line":147,"column":8},"end":{"line":147,"column":27}},"71":{"start":{"line":150,"column":8},"end":{"line":150,"column":32}},"72":{"start":{"line":151,"column":8},"end":{"line":151,"column":36}},"73":{"start":{"line":154,"column":8},"end":{"line":154,"column":32}},"74":{"start":{"line":155,"column":8},"end":{"line":155,"column":66}},"75":{"start":{"line":160,"column":15},"end":{"line":160,"column":52}},"76":{"start":{"line":161,"column":15},"end":{"line":161,"column":null}},"77":{"start":{"line":163,"column":0},"end":{"line":163,"column":33}}},"fnMap":{"0":{"name":"(anonymous_13)","decl":{"start":{"line":30,"column":2},"end":{"line":30,"column":9}},"loc":{"start":{"line":30,"column":25},"end":{"line":35,"column":null}}},"1":{"name":"(anonymous_14)","decl":{"start":{"line":30,"column":25},"end":{"line":30,"column":null}},"loc":{"start":{"line":30,"column":25},"end":{"line":35,"column":null}}},"2":{"name":"(anonymous_16)","decl":{"start":{"line":40,"column":2},"end":{"line":40,"column":9}},"loc":{"start":{"line":40,"column":28},"end":{"line":45,"column":null}}},"3":{"name":"(anonymous_17)","decl":{"start":{"line":40,"column":28},"end":{"line":40,"column":null}},"loc":{"start":{"line":40,"column":28},"end":{"line":45,"column":null}}},"4":{"name":"(anonymous_19)","decl":{"start":{"line":48,"column":58},"end":{"line":48,"column":null}},"loc":{"start":{"line":48,"column":58},"end":{"line":52,"column":2}}},"5":{"name":"(anonymous_22)","decl":{"start":{"line":56,"column":2},"end":{"line":56,"column":9}},"loc":{"start":{"line":56,"column":31},"end":{"line":70,"column":null}}},"6":{"name":"(anonymous_25)","decl":{"start":{"line":75,"column":2},"end":{"line":75,"column":9}},"loc":{"start":{"line":75,"column":37},"end":{"line":78,"column":null}}},"7":{"name":"(anonymous_26)","decl":{"start":{"line":75,"column":37},"end":{"line":75,"column":null}},"loc":{"start":{"line":75,"column":37},"end":{"line":78,"column":null}}},"8":{"name":"(anonymous_28)","decl":{"start":{"line":85,"column":20},"end":{"line":85,"column":21}},"loc":{"start":{"line":85,"column":34},"end":{"line":87,"column":5}}},"9":{"name":"(anonymous_29)","decl":{"start":{"line":90,"column":16},"end":{"line":90,"column":17}},"loc":{"start":{"line":90,"column":22},"end":{"line":90,"column":32}}},"10":{"name":"(anonymous_30)","decl":{"start":{"line":91,"column":25},"end":{"line":91,"column":26}},"loc":{"start":{"line":91,"column":31},"end":{"line":91,"column":41}}},"11":{"name":"(anonymous_31)","decl":{"start":{"line":92,"column":21},"end":{"line":92,"column":22}},"loc":{"start":{"line":92,"column":27},"end":{"line":92,"column":37}}},"12":{"name":"(anonymous_32)","decl":{"start":{"line":93,"column":17},"end":{"line":93,"column":18}},"loc":{"start":{"line":93,"column":23},"end":{"line":93,"column":33}}},"13":{"name":"(anonymous_33)","decl":{"start":{"line":95,"column":17},"end":{"line":95,"column":18}},"loc":{"start":{"line":95,"column":25},"end":{"line":157,"column":3}}},"14":{"name":"(anonymous_34)","decl":{"start":{"line":98,"column":34},"end":{"line":98,"column":35}},"loc":{"start":{"line":98,"column":40},"end":{"line":101,"column":7}}},"15":{"name":"(anonymous_35)","decl":{"start":{"line":102,"column":36},"end":{"line":102,"column":37}},"loc":{"start":{"line":102,"column":50},"end":{"line":106,"column":7}}},"16":{"name":"(anonymous_36)","decl":{"start":{"line":107,"column":35},"end":{"line":107,"column":36}},"loc":{"start":{"line":107,"column":49},"end":{"line":110,"column":7}}},"17":{"name":"(anonymous_37)","decl":{"start":{"line":112,"column":37},"end":{"line":112,"column":38}},"loc":{"start":{"line":112,"column":43},"end":{"line":115,"column":7}}},"18":{"name":"(anonymous_38)","decl":{"start":{"line":116,"column":39},"end":{"line":116,"column":40}},"loc":{"start":{"line":116,"column":53},"end":{"line":120,"column":7}}},"19":{"name":"(anonymous_39)","decl":{"start":{"line":121,"column":38},"end":{"line":121,"column":39}},"loc":{"start":{"line":121,"column":52},"end":{"line":124,"column":7}}},"20":{"name":"(anonymous_40)","decl":{"start":{"line":126,"column":37},"end":{"line":126,"column":38}},"loc":{"start":{"line":126,"column":43},"end":{"line":129,"column":7}}},"21":{"name":"(anonymous_41)","decl":{"start":{"line":131,"column":38},"end":{"line":131,"column":39}},"loc":{"start":{"line":131,"column":44},"end":{"line":133,"column":7}}},"22":{"name":"(anonymous_42)","decl":{"start":{"line":134,"column":40},"end":{"line":134,"column":41}},"loc":{"start":{"line":134,"column":54},"end":{"line":138,"column":7}}},"23":{"name":"(anonymous_43)","decl":{"start":{"line":139,"column":39},"end":{"line":139,"column":40}},"loc":{"start":{"line":139,"column":45},"end":{"line":143,"column":7}}},"24":{"name":"(anonymous_44)","decl":{"start":{"line":145,"column":35},"end":{"line":145,"column":36}},"loc":{"start":{"line":145,"column":41},"end":{"line":148,"column":7}}},"25":{"name":"(anonymous_45)","decl":{"start":{"line":149,"column":37},"end":{"line":149,"column":38}},"loc":{"start":{"line":149,"column":51},"end":{"line":152,"column":7}}},"26":{"name":"(anonymous_46)","decl":{"start":{"line":153,"column":36},"end":{"line":153,"column":37}},"loc":{"start":{"line":153,"column":50},"end":{"line":156,"column":7}}}},"branchMap":{"0":{"loc":{"start":{"line":31,"column":21},"end":{"line":31,"column":null}},"type":"switch","locations":[{"start":{"line":31,"column":21},"end":{"line":31,"column":null}}]},"1":{"loc":{"start":{"line":41,"column":21},"end":{"line":41,"column":null}},"type":"switch","locations":[{"start":{"line":41,"column":21},"end":{"line":41,"column":null}}]},"2":{"loc":{"start":{"line":49,"column":2},"end":{"line":49,"column":20}},"type":"switch","locations":[{"start":{"line":49,"column":2},"end":{"line":49,"column":20}}]},"3":{"loc":{"start":{"line":58,"column":4},"end":{"line":60,"column":5}},"type":"if","locations":[{"start":{"line":58,"column":4},"end":{"line":60,"column":5}}]},"4":{"loc":{"start":{"line":63,"column":6},"end":{"line":65,"column":7}},"type":"if","locations":[{"start":{"line":63,"column":6},"end":{"line":65,"column":7}}]},"5":{"loc":{"start":{"line":63,"column":10},"end":{"line":63,"column":27}},"type":"cond-expr","locations":[{"start":{"line":63,"column":18},"end":{"line":63,"column":20}},{"start":{"line":63,"column":10},"end":{"line":63,"column":27}}]},"6":{"loc":{"start":{"line":63,"column":10},"end":{"line":63,"column":20}},"type":"binary-expr","locations":[{"start":{"line":63,"column":10},"end":{"line":63,"column":20}},{"start":{"line":63,"column":10},"end":{"line":63,"column":20}}]},"7":{"loc":{"start":{"line":76,"column":21},"end":{"line":76,"column":null}},"type":"switch","locations":[{"start":{"line":76,"column":21},"end":{"line":76,"column":null}}]},"8":{"loc":{"start":{"line":109,"column":22},"end":{"line":109,"column":60}},"type":"binary-expr","locations":[{"start":{"line":109,"column":22},"end":{"line":109,"column":42}},{"start":{"line":109,"column":46},"end":{"line":109,"column":60}}]},"9":{"loc":{"start":{"line":123,"column":22},"end":{"line":123,"column":66}},"type":"binary-expr","locations":[{"start":{"line":123,"column":22},"end":{"line":123,"column":42}},{"start":{"line":123,"column":46},"end":{"line":123,"column":66}}]},"10":{"loc":{"start":{"line":155,"column":22},"end":{"line":155,"column":65}},"type":"binary-expr","locations":[{"start":{"line":155,"column":22},"end":{"line":155,"column":42}},{"start":{"line":155,"column":46},"end":{"line":155,"column":65}}]}},"s":{"0":1,"1":1,"2":1,"3":1,"4":1,"5":0,"6":0,"7":0,"8":0,"9":0,"10":0,"11":1,"12":0,"13":0,"14":0,"15":0,"16":0,"17":0,"18":1,"19":0,"20":0,"21":0,"22":0,"23":1,"24":0,"25":0,"26":0,"27":0,"28":0,"29":0,"30":0,"31":0,"32":0,"33":0,"34":1,"35":0,"36":0,"37":0,"38":0,"39":1,"40":0,"41":0,"42":0,"43":0,"44":0,"45":1,"46":0,"47":0,"48":0,"49":0,"50":0,"51":0,"52":0,"53":0,"54":0,"55":0,"56":0,"57":0,"58":0,"59":0,"60":0,"61":0,"62":0,"63":0,"64":0,"65":0,"66":0,"67":0,"68":0,"69":0,"70":0,"71":0,"72":0,"73":0,"74":0,"75":1,"76":1,"77":1},"f":{"0":0,"1":0,"2":0,"3":0,"4":0,"5":0,"6":0,"7":0,"8":0,"9":0,"10":0,"11":0,"12":0,"13":1,"14":0,"15":0,"16":0,"17":0,"18":0,"19":0,"20":0,"21":0,"22":0,"23":0,"24":0,"25":0,"26":0},"b":{"0":[0],"1":[0],"2":[0],"3":[0],"4":[0],"5":[0,0],"6":[0,0],"7":[0],"8":[0,0],"9":[0,0],"10":[0,0]}}
}
