TN:
SF:src\services\store.ts
FN:36,(anonymous_0)
FNF:1
FNH:0
FNDA:0,(anonymous_0)
DA:1,0
DA:3,0
DA:9,0
DA:18,0
DA:27,0
DA:36,0
DA:37,0
DA:39,0
LF:8
LH:0
BRF:0
BRH:0
end_of_record
TN:
SF:src\services\slices\constructorSlice.ts
FN:21,(anonymous_2)
FN:28,(anonymous_3)
FN:32,(anonymous_4)
FN:34,(anonymous_5)
FN:37,(anonymous_6)
FN:45,(anonymous_7)
FN:53,(anonymous_8)
FN:59,(anonymous_9)
FN:60,(anonymous_10)
FN:62,(anonymous_11)
FN:63,(anonymous_12)
FN:72,(anonymous_13)
FN:74,(anonymous_14)
FNF:13
FNH:9
FNDA:7,(anonymous_2)
FNDA:7,(anonymous_3)
FNDA:3,(anonymous_4)
FNDA:6,(anonymous_5)
FNDA:2,(anonymous_6)
FNDA:2,(anonymous_7)
FNDA:1,(anonymous_8)
FNDA:0,(anonymous_9)
FNDA:0,(anonymous_10)
FNDA:2,(anonymous_11)
FNDA:1,(anonymous_12)
FNDA:0,(anonymous_13)
FNDA:0,(anonymous_14)
DA:1,2
DA:2,2
DA:4,2
DA:11,2
DA:16,2
DA:22,7
DA:23,2
DA:25,5
DA:28,7
DA:33,3
DA:34,6
DA:38,2
DA:39,2
DA:40,1
DA:41,1
DA:42,1
DA:46,2
DA:47,2
DA:48,1
DA:49,1
DA:50,1
DA:54,1
DA:55,1
DA:59,0
DA:60,0
DA:63,2
DA:64,1
DA:65,1
DA:70,2
DA:72,0
DA:74,0
DA:81,2
DA:88,2
DA:91,2
LF:34
LH:30
BRDA:22,0,0,2
BRDA:22,0,1,5
BRDA:39,1,0,1
BRDA:47,2,0,1
BRF:4
BRH:4
end_of_record
TN:
SF:src\services\slices\feedSlice.ts
FN:21,(anonymous_13)
FN:31,(anonymous_16)
FN:32,(anonymous_17)
FN:33,(anonymous_18)
FN:34,(anonymous_19)
FN:35,(anonymous_20)
FN:37,(anonymous_21)
FN:39,(anonymous_22)
FN:43,(anonymous_23)
FN:49,(anonymous_24)
FNF:10
FNH:1
FNDA:0,(anonymous_13)
FNDA:0,(anonymous_16)
FNDA:0,(anonymous_17)
FNDA:0,(anonymous_18)
FNDA:0,(anonymous_19)
FNDA:0,(anonymous_20)
FNDA:1,(anonymous_21)
FNDA:0,(anonymous_22)
FNDA:0,(anonymous_23)
FNDA:0,(anonymous_24)
DA:1,1
DA:2,1
DA:13,1
DA:21,1
DA:22,0
DA:23,0
DA:26,1
DA:31,0
DA:32,0
DA:33,0
DA:34,0
DA:35,0
DA:38,1
DA:40,0
DA:41,0
DA:44,0
DA:45,0
DA:46,0
DA:47,0
DA:50,0
DA:51,0
DA:57,1
DA:63,1
LF:23
LH:8
BRDA:22,0,0,0
BRDA:51,1,0,0
BRDA:51,1,1,0
BRF:3
BRH:0
end_of_record
TN:
SF:src\services\slices\index.ts
FN:1,(anonymous_1)
FN:2,(anonymous_2)
FN:3,(anonymous_3)
FN:4,(anonymous_4)
FN:5,(anonymous_5)
FN:6,(anonymous_6)
FN:10,(anonymous_7)
FN:11,(anonymous_8)
FN:12,(anonymous_9)
FN:13,(anonymous_10)
FN:18,(anonymous_11)
FN:19,(anonymous_12)
FN:20,(anonymous_13)
FN:21,(anonymous_14)
FN:22,(anonymous_15)
FN:23,(anonymous_16)
FN:28,(anonymous_17)
FN:29,(anonymous_18)
FN:30,(anonymous_19)
FN:31,(anonymous_20)
FN:32,(anonymous_21)
FN:33,(anonymous_22)
FN:34,(anonymous_23)
FN:35,(anonymous_24)
FN:40,(anonymous_25)
FN:41,(anonymous_26)
FN:42,(anonymous_27)
FN:43,(anonymous_28)
FN:44,(anonymous_29)
FN:45,(anonymous_30)
FN:46,(anonymous_31)
FN:47,(anonymous_32)
FN:48,(anonymous_33)
FN:49,(anonymous_34)
FN:54,(anonymous_35)
FN:55,(anonymous_36)
FN:56,(anonymous_37)
FN:57,(anonymous_38)
FN:58,(anonymous_39)
FN:59,(anonymous_40)
FN:60,(anonymous_41)
FN:61,(anonymous_42)
FN:66,(anonymous_43)
FN:67,(anonymous_44)
FN:68,(anonymous_45)
FN:69,(anonymous_46)
FNF:46
FNH:0
FNDA:0,(anonymous_1)
FNDA:0,(anonymous_2)
FNDA:0,(anonymous_3)
FNDA:0,(anonymous_4)
FNDA:0,(anonymous_5)
FNDA:0,(anonymous_6)
FNDA:0,(anonymous_7)
FNDA:0,(anonymous_8)
FNDA:0,(anonymous_9)
FNDA:0,(anonymous_10)
FNDA:0,(anonymous_11)
FNDA:0,(anonymous_12)
FNDA:0,(anonymous_13)
FNDA:0,(anonymous_14)
FNDA:0,(anonymous_15)
FNDA:0,(anonymous_16)
FNDA:0,(anonymous_17)
FNDA:0,(anonymous_18)
FNDA:0,(anonymous_19)
FNDA:0,(anonymous_20)
FNDA:0,(anonymous_21)
FNDA:0,(anonymous_22)
FNDA:0,(anonymous_23)
FNDA:0,(anonymous_24)
FNDA:0,(anonymous_25)
FNDA:0,(anonymous_26)
FNDA:0,(anonymous_27)
FNDA:0,(anonymous_28)
FNDA:0,(anonymous_29)
FNDA:0,(anonymous_30)
FNDA:0,(anonymous_31)
FNDA:0,(anonymous_32)
FNDA:0,(anonymous_33)
FNDA:0,(anonymous_34)
FNDA:0,(anonymous_35)
FNDA:0,(anonymous_36)
FNDA:0,(anonymous_37)
FNDA:0,(anonymous_38)
FNDA:0,(anonymous_39)
FNDA:0,(anonymous_40)
FNDA:0,(anonymous_41)
FNDA:0,(anonymous_42)
FNDA:0,(anonymous_43)
FNDA:0,(anonymous_44)
FNDA:0,(anonymous_45)
FNDA:0,(anonymous_46)
DA:1,0
DA:2,0
DA:3,0
DA:4,0
DA:5,0
DA:6,0
DA:9,0
DA:10,0
DA:11,0
DA:12,0
DA:13,0
DA:17,0
DA:18,0
DA:19,0
DA:20,0
DA:21,0
DA:22,0
DA:23,0
DA:27,0
DA:28,0
DA:29,0
DA:30,0
DA:31,0
DA:32,0
DA:33,0
DA:34,0
DA:35,0
DA:39,0
DA:40,0
DA:41,0
DA:42,0
DA:43,0
DA:44,0
DA:45,0
DA:46,0
DA:47,0
DA:48,0
DA:49,0
DA:53,0
DA:54,0
DA:55,0
DA:56,0
DA:57,0
DA:58,0
DA:59,0
DA:60,0
DA:61,0
DA:65,0
DA:66,0
DA:67,0
DA:68,0
DA:69,0
LF:52
LH:0
BRF:0
BRH:0
end_of_record
TN:
SF:src\services\slices\ingredientsSlice.ts
FN:19,(anonymous_13)
FN:30,(anonymous_16)
FN:31,(anonymous_17)
FN:32,(anonymous_18)
FN:34,(anonymous_19)
FN:36,(anonymous_20)
FN:40,(anonymous_21)
FN:44,(anonymous_22)
FNF:8
FNH:4
FNDA:0,(anonymous_13)
FNDA:0,(anonymous_16)
FNDA:0,(anonymous_17)
FNDA:0,(anonymous_18)
FNDA:2,(anonymous_19)
FNDA:1,(anonymous_20)
FNDA:1,(anonymous_21)
FNDA:2,(anonymous_22)
DA:1,2
DA:2,2
DA:11,2
DA:17,2
DA:19,0
DA:20,0
DA:21,0
DA:25,2
DA:30,0
DA:31,0
DA:32,0
DA:35,2
DA:37,1
DA:38,1
DA:41,1
DA:42,1
DA:45,2
DA:46,2
DA:51,2
DA:53,2
LF:20
LH:14
BRDA:20,0,0,0
BRDA:46,1,0,2
BRDA:46,1,1,1
BRF:3
BRH:2
end_of_record
TN:
SF:src\services\slices\orderSlice.ts
FN:23,(anonymous_13)
FN:23,(anonymous_14)
FN:31,(anonymous_16)
FN:31,(anonymous_17)
FN:41,(anonymous_19)
FN:47,(anonymous_20)
FN:48,(anonymous_21)
FN:49,(anonymous_22)
FN:50,(anonymous_23)
FN:51,(anonymous_24)
FN:53,(anonymous_25)
FN:56,(anonymous_26)
FN:60,(anonymous_27)
FN:64,(anonymous_28)
FN:69,(anonymous_29)
FN:73,(anonymous_30)
FN:77,(anonymous_31)
FNF:17
FNH:1
FNDA:0,(anonymous_13)
FNDA:0,(anonymous_14)
FNDA:0,(anonymous_16)
FNDA:0,(anonymous_17)
FNDA:0,(anonymous_19)
FNDA:0,(anonymous_20)
FNDA:0,(anonymous_21)
FNDA:0,(anonymous_22)
FNDA:0,(anonymous_23)
FNDA:0,(anonymous_24)
FNDA:1,(anonymous_25)
FNDA:0,(anonymous_26)
FNDA:0,(anonymous_27)
FNDA:0,(anonymous_28)
FNDA:0,(anonymous_29)
FNDA:0,(anonymous_30)
FNDA:0,(anonymous_31)
DA:1,2
DA:2,2
DA:13,2
DA:21,2
DA:23,0
DA:24,0
DA:25,0
DA:29,2
DA:31,0
DA:32,0
DA:33,0
DA:37,2
DA:42,0
DA:43,0
DA:47,0
DA:48,0
DA:49,0
DA:50,0
DA:51,0
DA:54,1
DA:57,0
DA:58,0
DA:61,0
DA:62,0
DA:65,0
DA:66,0
DA:70,0
DA:71,0
DA:74,0
DA:75,0
DA:78,0
DA:79,0
DA:84,2
DA:86,2
DA:92,2
LF:35
LH:10
BRDA:24,0,0,0
BRDA:32,1,0,0
BRDA:66,2,0,0
BRDA:66,2,1,0
BRDA:79,3,0,0
BRDA:79,3,1,0
BRF:6
BRH:0
end_of_record
TN:
SF:src\services\slices\ordersSlice.ts
FN:17,(anonymous_13)
FN:27,(anonymous_16)
FN:28,(anonymous_17)
FN:29,(anonymous_18)
FN:31,(anonymous_19)
FN:33,(anonymous_20)
FN:37,(anonymous_21)
FN:41,(anonymous_22)
FNF:8
FNH:1
FNDA:0,(anonymous_13)
FNDA:0,(anonymous_16)
FNDA:0,(anonymous_17)
FNDA:0,(anonymous_18)
FNDA:1,(anonymous_19)
FNDA:0,(anonymous_20)
FNDA:0,(anonymous_21)
FNDA:0,(anonymous_22)
DA:1,1
DA:2,1
DA:11,1
DA:17,1
DA:18,0
DA:19,0
DA:22,1
DA:27,0
DA:28,0
DA:29,0
DA:32,1
DA:34,0
DA:35,0
DA:38,0
DA:39,0
DA:42,0
DA:43,0
DA:48,1
DA:50,1
LF:19
LH:8
BRDA:18,0,0,0
BRDA:43,1,0,0
BRDA:43,1,1,0
BRF:3
BRH:0
end_of_record
TN:
SF:src\services\slices\userSlice.ts
FN:30,(anonymous_13)
FN:30,(anonymous_14)
FN:40,(anonymous_16)
FN:40,(anonymous_17)
FN:48,(anonymous_19)
FN:56,(anonymous_22)
FN:75,(anonymous_25)
FN:75,(anonymous_26)
FN:85,(anonymous_28)
FN:90,(anonymous_29)
FN:91,(anonymous_30)
FN:92,(anonymous_31)
FN:93,(anonymous_32)
FN:95,(anonymous_33)
FN:98,(anonymous_34)
FN:102,(anonymous_35)
FN:107,(anonymous_36)
FN:112,(anonymous_37)
FN:116,(anonymous_38)
FN:121,(anonymous_39)
FN:126,(anonymous_40)
FN:131,(anonymous_41)
FN:134,(anonymous_42)
FN:139,(anonymous_43)
FN:145,(anonymous_44)
FN:149,(anonymous_45)
FN:153,(anonymous_46)
FNF:27
FNH:1
FNDA:0,(anonymous_13)
FNDA:0,(anonymous_14)
FNDA:0,(anonymous_16)
FNDA:0,(anonymous_17)
FNDA:0,(anonymous_19)
FNDA:0,(anonymous_22)
FNDA:0,(anonymous_25)
FNDA:0,(anonymous_26)
FNDA:0,(anonymous_28)
FNDA:0,(anonymous_29)
FNDA:0,(anonymous_30)
FNDA:0,(anonymous_31)
FNDA:0,(anonymous_32)
FNDA:1,(anonymous_33)
FNDA:0,(anonymous_34)
FNDA:0,(anonymous_35)
FNDA:0,(anonymous_36)
FNDA:0,(anonymous_37)
FNDA:0,(anonymous_38)
FNDA:0,(anonymous_39)
FNDA:0,(anonymous_40)
FNDA:0,(anonymous_41)
FNDA:0,(anonymous_42)
FNDA:0,(anonymous_43)
FNDA:0,(anonymous_44)
FNDA:0,(anonymous_45)
FNDA:0,(anonymous_46)
DA:1,1
DA:2,1
DA:12,1
DA:21,1
DA:28,1
DA:30,0
DA:31,0
DA:32,0
DA:33,0
DA:34,0
DA:38,1
DA:40,0
DA:41,0
DA:42,0
DA:43,0
DA:44,0
DA:48,1
DA:49,0
DA:50,0
DA:51,0
DA:54,1
DA:56,0
DA:57,0
DA:58,0
DA:59,0
DA:62,0
DA:63,0
DA:64,0
DA:66,0
DA:68,0
DA:73,1
DA:75,0
DA:76,0
DA:77,0
DA:81,1
DA:86,0
DA:90,0
DA:91,0
DA:92,0
DA:93,0
DA:96,1
DA:99,0
DA:100,0
DA:103,0
DA:104,0
DA:105,0
DA:108,0
DA:109,0
DA:113,0
DA:114,0
DA:117,0
DA:118,0
DA:119,0
DA:122,0
DA:123,0
DA:127,0
DA:128,0
DA:132,0
DA:135,0
DA:136,0
DA:137,0
DA:140,0
DA:141,0
DA:142,0
DA:146,0
DA:147,0
DA:150,0
DA:151,0
DA:154,0
DA:155,0
DA:160,1
DA:161,1
DA:163,1
LF:73
LH:14
BRDA:31,0,0,0
BRDA:41,1,0,0
BRDA:49,2,0,0
BRDA:58,3,0,0
BRDA:63,4,0,0
BRDA:63,5,0,0
BRDA:63,5,1,0
BRDA:63,6,0,0
BRDA:63,6,1,0
BRDA:76,7,0,0
BRDA:109,8,0,0
BRDA:109,8,1,0
BRDA:123,9,0,0
BRDA:123,9,1,0
BRDA:155,10,0,0
BRDA:155,10,1,0
BRF:16
BRH:0
end_of_record
